<?xml version="1.0" encoding="UTF-8"?>
<!-- Generated by org.testng.reporters.JUnitReportReporter -->
<testsuite hostname="LAPTOP-8AVHT2GH" name="com.crm.qa.testcases.HomepageTest" tests="2" failures="0" timestamp="22 Aug 2020 18:03:44 GMT" time="39.270" errors="0">
  <testcase name="verifyPageTitleTest" time="17.132" classname="com.crm.qa.testcases.HomepageTest"/>
  <testcase name="ClickonContactsLink" time="22.138" classname="com.crm.qa.testcases.HomepageTest"/>
</testsuite> <!-- com.crm.qa.testcases.HomepageTest -->
