<?xml version="1.0" encoding="UTF-8"?>
<!-- Generated by org.testng.reporters.JUnitReportReporter -->
<testsuite hostname="LAPTOP-8AVHT2GH" name="com.crm.qa.testcases.LoginPageTest" tests="1" failures="0" timestamp="22 Aug 2020 18:03:44 GMT" time="15.795" errors="0">
  <testcase name="LoginTest" time="15.795" classname="com.crm.qa.testcases.LoginPageTest"/>
</testsuite> <!-- com.crm.qa.testcases.LoginPageTest -->
